<?xml version="1.0" encoding="UTF-8"?>
<testsuite name="com.bmcl.numbers.DivisibleByFilterTest" tests="1" skipped="0" failures="0" errors="0" timestamp="2023-12-02T15:37:03" hostname="MSI" time="0.023">
  <properties/>
  <testcase name="accept()" classname="com.bmcl.numbers.DivisibleByFilterTest" time="0.023"/>
  <system-out><![CDATA[]]></system-out>
  <system-err><![CDATA[]]></system-err>
</testsuite>
