<?xml version="1.0" encoding="UTF-8"?>
<testsuite name="com.bmcl.numbers.PositiveFilterTest" tests="1" skipped="0" failures="0" errors="0" timestamp="2023-12-02T15:37:04" hostname="MSI" time="0.001">
  <properties/>
  <testcase name="accept()" classname="com.bmcl.numbers.PositiveFilterTest" time="0.001"/>
  <system-out><![CDATA[]]></system-out>
  <system-err><![CDATA[]]></system-err>
</testsuite>
